2020-11-18T01:15:54+00:00 CRITICAL syntax error, unexpected ';', expecting ')' in D:\Android Studio\xampp\htdocs\LBM\wp-content\themes\pepe\core\options.php on line 200

2020-11-18T01:18:25+00:00 CRITICAL syntax error, unexpected ';', expecting ')' in D:\Android Studio\xampp\htdocs\LBM\wp-content\themes\pepe\core\options.php on line 200

2020-11-18T01:18:50+00:00 CRITICAL syntax error, unexpected '$categories' (T_VARIABLE), expecting ')' in D:\Android Studio\xampp\htdocs\LBM\wp-content\themes\pepe\core\options.php on line 201

2020-11-18T01:19:04+00:00 CRITICAL syntax error, unexpected ';', expecting ')' in D:\Android Studio\xampp\htdocs\LBM\wp-content\themes\pepe\core\options.php on line 200

2020-11-18T01:19:23+00:00 CRITICAL syntax error, unexpected ';', expecting ')' in D:\Android Studio\xampp\htdocs\LBM\wp-content\themes\pepe\core\options.php on line 200

2020-11-18T01:20:31+00:00 CRITICAL syntax error, unexpected ';', expecting ')' in D:\Android Studio\xampp\htdocs\LBM\wp-content\themes\pepe\core\options.php on line 201

2020-11-18T01:20:34+00:00 CRITICAL syntax error, unexpected ';', expecting ')' in D:\Android Studio\xampp\htdocs\LBM\wp-content\themes\pepe\core\options.php on line 201

2020-11-18T01:20:47+00:00 CRITICAL syntax error, unexpected ';', expecting ')' in D:\Android Studio\xampp\htdocs\LBM\wp-content\themes\pepe\core\options.php on line 200

2020-11-18T01:21:14+00:00 CRITICAL syntax error, unexpected ';', expecting ')' in D:\Android Studio\xampp\htdocs\LBM\wp-content\themes\pepe\core\options.php on line 200

2020-11-18T01:21:38+00:00 CRITICAL syntax error, unexpected ';', expecting ')' in D:\Android Studio\xampp\htdocs\LBM\wp-content\themes\pepe\core\options.php on line 199

2020-11-18T01:22:07+00:00 CRITICAL syntax error, unexpected ';', expecting ')' in D:\Android Studio\xampp\htdocs\LBM\wp-content\themes\pepe\core\options.php on line 199

2020-11-18T01:22:28+00:00 CRITICAL syntax error, unexpected ';', expecting ')' in D:\Android Studio\xampp\htdocs\LBM\wp-content\themes\pepe\core\options.php on line 199

2020-11-18T01:23:19+00:00 CRITICAL syntax error, unexpected 'foreach' (T_FOREACH), expecting ')' in D:\Android Studio\xampp\htdocs\LBM\wp-content\themes\pepe\core\options.php on line 204

2020-11-18T01:23:30+00:00 CRITICAL syntax error, unexpected '=', expecting ',' or ';' in D:\Android Studio\xampp\htdocs\LBM\wp-content\themes\pepe\core\options.php on line 188

2020-11-18T01:23:46+00:00 CRITICAL syntax error, unexpected 'foreach' (T_FOREACH), expecting ')' in D:\Android Studio\xampp\htdocs\LBM\wp-content\themes\pepe\core\options.php on line 204

2020-11-18T01:24:21+00:00 CRITICAL syntax error, unexpected 'foreach' (T_FOREACH), expecting ')' in D:\Android Studio\xampp\htdocs\LBM\wp-content\themes\pepe\core\options.php on line 195

2020-11-18T01:25:20+00:00 CRITICAL Maximum execution time of 30 seconds exceeded in D:\Android Studio\xampp\htdocs\LBM\wp-includes\Requests\Transport\cURL.php on line 163

2020-11-18T01:28:26+00:00 CRITICAL syntax error, unexpected 'foreach' (T_FOREACH), expecting ')' in D:\Android Studio\xampp\htdocs\LBM\wp-content\themes\pepe\core\options.php on line 191

2020-11-18T01:30:58+00:00 CRITICAL syntax error, unexpected ';', expecting ')' in D:\Android Studio\xampp\htdocs\LBM\wp-content\themes\pepe\core\options.php on line 202

2020-11-18T01:31:53+00:00 CRITICAL syntax error, unexpected ';', expecting ')' in D:\Android Studio\xampp\htdocs\LBM\wp-content\themes\pepe\core\options.php on line 201

2020-11-18T01:32:05+00:00 CRITICAL syntax error, unexpected ';', expecting ')' in D:\Android Studio\xampp\htdocs\LBM\wp-content\themes\pepe\core\options.php on line 197

2020-11-18T01:32:05+00:00 CRITICAL syntax error, unexpected ';', expecting ')' in D:\Android Studio\xampp\htdocs\LBM\wp-content\themes\pepe\core\options.php on line 197

2020-11-18T01:32:39+00:00 CRITICAL syntax error, unexpected ';', expecting ')' in D:\Android Studio\xampp\htdocs\LBM\wp-content\themes\pepe\core\options.php on line 202

2020-11-18T01:32:42+00:00 CRITICAL syntax error, unexpected ';', expecting ')' in D:\Android Studio\xampp\htdocs\LBM\wp-content\themes\pepe\core\options.php on line 202

2020-11-18T01:35:37+00:00 CRITICAL syntax error, unexpected ';', expecting ')' in D:\Android Studio\xampp\htdocs\LBM\wp-content\themes\pepe\core\options.php on line 190

2020-11-18T01:41:44+00:00 CRITICAL syntax error, unexpected '=', expecting ',' or ';' in D:\Android Studio\xampp\htdocs\LBM\wp-content\themes\pepe\core\options.php on line 188

2020-11-18T01:41:52+00:00 CRITICAL syntax error, unexpected '==' (T_IS_EQUAL), expecting ',' or ';' in D:\Android Studio\xampp\htdocs\LBM\wp-content\themes\pepe\core\options.php on line 188

2020-11-18T01:41:56+00:00 CRITICAL syntax error, unexpected '=', expecting ',' or ';' in D:\Android Studio\xampp\htdocs\LBM\wp-content\themes\pepe\core\options.php on line 188

2020-11-18T01:43:52+00:00 CRITICAL syntax error, unexpected ''108'' (T_CONSTANT_ENCAPSED_STRING), expecting ')' in D:\Android Studio\xampp\htdocs\LBM\wp-content\themes\pepe\core\options.php on line 204

2020-11-18T01:44:47+00:00 CRITICAL syntax error, unexpected 'foreach' (T_FOREACH), expecting ')' in D:\Android Studio\xampp\htdocs\LBM\wp-content\themes\pepe\core\options.php on line 203

2020-11-18T01:44:50+00:00 CRITICAL syntax error, unexpected 'foreach' (T_FOREACH), expecting ')' in D:\Android Studio\xampp\htdocs\LBM\wp-content\themes\pepe\core\options.php on line 203

2020-11-18T01:44:56+00:00 CRITICAL syntax error, unexpected 'foreach' (T_FOREACH), expecting ')' in D:\Android Studio\xampp\htdocs\LBM\wp-content\themes\pepe\core\options.php on line 203

2020-11-18T01:45:17+00:00 CRITICAL syntax error, unexpected 'foreach' (T_FOREACH), expecting ')' in D:\Android Studio\xampp\htdocs\LBM\wp-content\themes\pepe\core\options.php on line 202

2020-11-18T01:45:23+00:00 CRITICAL syntax error, unexpected 'foreach' (T_FOREACH), expecting ')' in D:\Android Studio\xampp\htdocs\LBM\wp-content\themes\pepe\core\options.php on line 203

2020-11-18T01:57:17+00:00 CRITICAL syntax error, unexpected '=>' (T_DOUBLE_ARROW) in D:\Android Studio\xampp\htdocs\LBM\wp-content\themes\pepe\core\options.php on line 190

2020-11-18T01:57:24+00:00 CRITICAL syntax error, unexpected '=>' (T_DOUBLE_ARROW) in D:\Android Studio\xampp\htdocs\LBM\wp-content\themes\pepe\core\options.php on line 190

2020-11-18T01:57:43+00:00 CRITICAL syntax error, unexpected '}' in D:\Android Studio\xampp\htdocs\LBM\wp-content\themes\pepe\core\options.php on line 191

2020-11-18T02:11:27+00:00 CRITICAL syntax error, unexpected ';', expecting ')' in D:\Android Studio\xampp\htdocs\LBM\wp-content\themes\pepe\core\options.php on line 189

2020-11-18T02:18:08+00:00 CRITICAL syntax error, unexpected ';', expecting ')' in D:\Android Studio\xampp\htdocs\LBM\wp-content\themes\pepe\core\options.php on line 194

2020-11-18T02:18:26+00:00 CRITICAL syntax error, unexpected 'foreach' (T_FOREACH), expecting ')' in D:\Android Studio\xampp\htdocs\LBM\wp-content\themes\pepe\core\options.php on line 196

2020-11-18T02:24:33+00:00 CRITICAL syntax error, unexpected 'foreach' (T_FOREACH), expecting ')' in D:\Android Studio\xampp\htdocs\LBM\wp-content\themes\pepe\core\options.php on line 196

2020-11-18T02:26:34+00:00 CRITICAL syntax error, unexpected 'foreach' (T_FOREACH), expecting ')' in D:\Android Studio\xampp\htdocs\LBM\wp-content\themes\pepe\core\options.php on line 196

2020-11-18T02:28:35+00:00 CRITICAL syntax error, unexpected 'foreach' (T_FOREACH), expecting ')' in D:\Android Studio\xampp\htdocs\LBM\wp-content\themes\pepe\core\options.php on line 196

2020-11-18T02:28:41+00:00 CRITICAL syntax error, unexpected 'foreach' (T_FOREACH), expecting ')' in D:\Android Studio\xampp\htdocs\LBM\wp-content\themes\pepe\core\options.php on line 196

2020-11-18T02:29:14+00:00 CRITICAL syntax error, unexpected ',' in D:\Android Studio\xampp\htdocs\LBM\wp-content\themes\pepe\core\options.php on line 221

2020-11-18T02:33:26+00:00 CRITICAL syntax error, unexpected ';', expecting ')' in D:\Android Studio\xampp\htdocs\LBM\wp-content\themes\pepe\core\options.php on line 206

2020-11-18T02:35:37+00:00 CRITICAL syntax error, unexpected ';', expecting ')' in D:\Android Studio\xampp\htdocs\LBM\wp-content\themes\pepe\core\options.php on line 207

2020-11-18T02:35:43+00:00 CRITICAL syntax error, unexpected ';', expecting ')' in D:\Android Studio\xampp\htdocs\LBM\wp-content\themes\pepe\core\options.php on line 207

2020-11-18T02:35:46+00:00 CRITICAL syntax error, unexpected ';', expecting ')' in D:\Android Studio\xampp\htdocs\LBM\wp-content\themes\pepe\core\options.php on line 207

2020-11-18T02:38:49+00:00 CRITICAL syntax error, unexpected '<' in D:\Android Studio\xampp\htdocs\LBM\wp-content\plugins\debug-bar-console\class-debug-bar-console.php(84) : eval()'d code on line 3

2020-11-18T03:15:35+00:00 CRITICAL syntax error, unexpected '<', expecting end of file in D:\Android Studio\xampp\htdocs\LBM\wp-content\themes\pepe\single-product.php on line 2

2020-11-18T03:23:07+00:00 CRITICAL syntax error, unexpected '<', expecting end of file in D:\Android Studio\xampp\htdocs\LBM\wp-content\themes\pepe\single-product.php on line 38

2020-11-18T04:15:08+00:00 CRITICAL Cannot redeclare my_custom_action() (previously declared in D:\Android Studio\xampp\htdocs\LBM\wp-content\themes\pepe\woocommerce\content-single-product.php:64) in D:\Android Studio\xampp\htdocs\LBM\wp-content\themes\pepe\woocommerce\content-single-product.php on line 65

2020-11-18T06:24:54+00:00 CRITICAL Uncaught Error: Call to undefined function woocommerce_product_thumbnails() in D:\Android Studio\xampp\htdocs\LBM\wp-content\themes\pepe\woocommerce\content-single-product.php:96
Stack trace:
#0 D:\Android Studio\xampp\htdocs\LBM\wp-includes\template.php(732): require()
#1 D:\Android Studio\xampp\htdocs\LBM\wp-content\plugins\woocommerce\includes\wc-core-functions.php(284): load_template('D:\\Android Stud...', false)
#2 D:\Android Studio\xampp\htdocs\LBM\wp-content\plugins\woocommerce\includes\class-wc-shortcodes.php(598): wc_get_template_part('content', 'single-product')
#3 D:\Android Studio\xampp\htdocs\LBM\wp-includes\shortcodes.php(343): WC_Shortcodes::product_page(Array, '', 'product_page')
#4 [internal function]: do_shortcode_tag(Array)
#5 D:\Android Studio\xampp\htdocs\LBM\wp-includes\shortcodes.php(218): preg_replace_callback('/\\[(\\[?)(produc...', 'do_shortcode_ta...', '[product_page i...')
#6 D:\Android Studio\xampp\htdocs\LBM\wp-content\plugins\woocommerce\includes\class-wc-template-loader.php(524 in D:\Android Studio\xampp\htdocs\LBM\wp-content\themes\pepe\woocommerce\content-single-product.php on line 96

2020-11-18T06:29:07+00:00 CRITICAL Uncaught Error: Call to undefined function woocommerce_get_product_thumbnails() in D:\Android Studio\xampp\htdocs\LBM\wp-content\themes\pepe\woocommerce\content-single-product.php:96
Stack trace:
#0 D:\Android Studio\xampp\htdocs\LBM\wp-includes\template.php(732): require()
#1 D:\Android Studio\xampp\htdocs\LBM\wp-content\plugins\woocommerce\includes\wc-core-functions.php(284): load_template('D:\\Android Stud...', false)
#2 D:\Android Studio\xampp\htdocs\LBM\wp-content\plugins\woocommerce\includes\class-wc-shortcodes.php(598): wc_get_template_part('content', 'single-product')
#3 D:\Android Studio\xampp\htdocs\LBM\wp-includes\shortcodes.php(343): WC_Shortcodes::product_page(Array, '', 'product_page')
#4 [internal function]: do_shortcode_tag(Array)
#5 D:\Android Studio\xampp\htdocs\LBM\wp-includes\shortcodes.php(218): preg_replace_callback('/\\[(\\[?)(produc...', 'do_shortcode_ta...', '[product_page i...')
#6 D:\Android Studio\xampp\htdocs\LBM\wp-content\plugins\woocommerce\includes\class-wc-template-loader.php in D:\Android Studio\xampp\htdocs\LBM\wp-content\themes\pepe\woocommerce\content-single-product.php on line 96

2020-11-18T06:30:32+00:00 CRITICAL Uncaught Error: Call to undefined function woocommerce_get_product_thumbnails() in D:\Android Studio\xampp\htdocs\LBM\wp-content\themes\pepe\woocommerce\content-single-product.php:96
Stack trace:
#0 D:\Android Studio\xampp\htdocs\LBM\wp-includes\template.php(732): require()
#1 D:\Android Studio\xampp\htdocs\LBM\wp-content\plugins\woocommerce\includes\wc-core-functions.php(284): load_template('D:\\Android Stud...', false)
#2 D:\Android Studio\xampp\htdocs\LBM\wp-content\plugins\woocommerce\includes\class-wc-shortcodes.php(598): wc_get_template_part('content', 'single-product')
#3 D:\Android Studio\xampp\htdocs\LBM\wp-includes\shortcodes.php(343): WC_Shortcodes::product_page(Array, '', 'product_page')
#4 [internal function]: do_shortcode_tag(Array)
#5 D:\Android Studio\xampp\htdocs\LBM\wp-includes\shortcodes.php(218): preg_replace_callback('/\\[(\\[?)(produc...', 'do_shortcode_ta...', '[product_page i...')
#6 D:\Android Studio\xampp\htdocs\LBM\wp-content\plugins\woocommerce\includes\class-wc-template-loader.php in D:\Android Studio\xampp\htdocs\LBM\wp-content\themes\pepe\woocommerce\content-single-product.php on line 96

2020-11-18T06:36:41+00:00 CRITICAL Uncaught Error: Call to undefined function woocommerce_get_product_thumbnails() in D:\Android Studio\xampp\htdocs\LBM\wp-content\themes\pepe\woocommerce\content-single-product.php:96
Stack trace:
#0 D:\Android Studio\xampp\htdocs\LBM\wp-includes\template.php(732): require()
#1 D:\Android Studio\xampp\htdocs\LBM\wp-content\plugins\woocommerce\includes\wc-core-functions.php(284): load_template('D:\\Android Stud...', false)
#2 D:\Android Studio\xampp\htdocs\LBM\wp-content\plugins\woocommerce\includes\class-wc-shortcodes.php(598): wc_get_template_part('content', 'single-product')
#3 D:\Android Studio\xampp\htdocs\LBM\wp-includes\shortcodes.php(343): WC_Shortcodes::product_page(Array, '', 'product_page')
#4 [internal function]: do_shortcode_tag(Array)
#5 D:\Android Studio\xampp\htdocs\LBM\wp-includes\shortcodes.php(218): preg_replace_callback('/\\[(\\[?)(produc...', 'do_shortcode_ta...', '[product_page i...')
#6 D:\Android Studio\xampp\htdocs\LBM\wp-content\plugins\woocommerce\includes\class-wc-template-loader.php in D:\Android Studio\xampp\htdocs\LBM\wp-content\themes\pepe\woocommerce\content-single-product.php on line 96

2020-11-18T06:37:23+00:00 CRITICAL Uncaught Error: Call to undefined function woocommerce_get_product_thumbnails() in D:\Android Studio\xampp\htdocs\LBM\wp-content\themes\pepe\woocommerce\content-single-product.php:96
Stack trace:
#0 D:\Android Studio\xampp\htdocs\LBM\wp-includes\template.php(732): require()
#1 D:\Android Studio\xampp\htdocs\LBM\wp-content\plugins\woocommerce\includes\wc-core-functions.php(284): load_template('D:\\Android Stud...', false)
#2 D:\Android Studio\xampp\htdocs\LBM\wp-content\plugins\woocommerce\includes\class-wc-shortcodes.php(598): wc_get_template_part('content', 'single-product')
#3 D:\Android Studio\xampp\htdocs\LBM\wp-includes\shortcodes.php(343): WC_Shortcodes::product_page(Array, '', 'product_page')
#4 [internal function]: do_shortcode_tag(Array)
#5 D:\Android Studio\xampp\htdocs\LBM\wp-includes\shortcodes.php(218): preg_replace_callback('/\\[(\\[?)(produc...', 'do_shortcode_ta...', '[product_page i...')
#6 D:\Android Studio\xampp\htdocs\LBM\wp-content\plugins\woocommerce\includes\class-wc-template-loader.php in D:\Android Studio\xampp\htdocs\LBM\wp-content\themes\pepe\woocommerce\content-single-product.php on line 96

2020-11-18T07:09:43+00:00 CRITICAL Uncaught Error: Call to a member function have_posts() on null in D:\Android Studio\xampp\htdocs\LBM\wp-content\themes\pepe\woocommerce\content-single-product.php:98
Stack trace:
#0 D:\Android Studio\xampp\htdocs\LBM\wp-includes\template.php(732): require()
#1 D:\Android Studio\xampp\htdocs\LBM\wp-content\plugins\woocommerce\includes\wc-core-functions.php(284): load_template('D:\\Android Stud...', false)
#2 D:\Android Studio\xampp\htdocs\LBM\wp-content\plugins\woocommerce\includes\class-wc-shortcodes.php(598): wc_get_template_part('content', 'single-product')
#3 D:\Android Studio\xampp\htdocs\LBM\wp-includes\shortcodes.php(343): WC_Shortcodes::product_page(Array, '', 'product_page')
#4 [internal function]: do_shortcode_tag(Array)
#5 D:\Android Studio\xampp\htdocs\LBM\wp-includes\shortcodes.php(218): preg_replace_callback('/\\[(\\[?)(produc...', 'do_shortcode_ta...', '[product_page i...')
#6 D:\Android Studio\xampp\htdocs\LBM\wp-content\plugins\woocommerce\includes\class-wc-template-loader.php(524): do_shortco in D:\Android Studio\xampp\htdocs\LBM\wp-content\themes\pepe\woocommerce\content-single-product.php on line 98

2020-11-18T07:52:57+00:00 CRITICAL syntax error, unexpected '}' in D:\Android Studio\xampp\htdocs\LBM\wp-content\themes\pepe\woocommerce\content-single-product.php on line 228

2020-11-18T07:55:35+00:00 CRITICAL syntax error, unexpected '}' in D:\Android Studio\xampp\htdocs\LBM\wp-content\themes\pepe\woocommerce\content-single-product.php on line 228

2020-11-18T09:14:48+00:00 CRITICAL syntax error, unexpected ';', expecting ')' in D:\Android Studio\xampp\htdocs\LBM\wp-content\themes\pepe\woocommerce\content-single-product.php on line 136

2020-11-18T09:18:27+00:00 CRITICAL syntax error, unexpected ''post__not_in'' (T_CONSTANT_ENCAPSED_STRING), expecting ')' in D:\Android Studio\xampp\htdocs\LBM\wp-content\themes\pepe\woocommerce\content-single-product.php on line 146

2020-11-18T09:32:47+00:00 CRITICAL syntax error, unexpected ''fields'' (T_CONSTANT_ENCAPSED_STRING), expecting ')' in D:\Android Studio\xampp\htdocs\LBM\wp-content\themes\pepe\core\options.php on line 217

2020-11-18T09:32:50+00:00 CRITICAL syntax error, unexpected ''fields'' (T_CONSTANT_ENCAPSED_STRING), expecting ')' in D:\Android Studio\xampp\htdocs\LBM\wp-content\themes\pepe\core\options.php on line 217

2020-11-18T09:32:51+00:00 CRITICAL syntax error, unexpected ''fields'' (T_CONSTANT_ENCAPSED_STRING), expecting ')' in D:\Android Studio\xampp\htdocs\LBM\wp-content\themes\pepe\core\options.php on line 217

